# JRE version: OpenJDK Runtime Environment (8.0_212-b03) (build 1.8.0_212-8u212-b03-0ubuntu1.16.04.1-b03)
# Java VM: OpenJDK 64-Bit Server VM (25.212-b03 mixed mode linux-amd64 compressed oops)
Heap:
 PSYoungGen      total 204800K, used 13308K [0x00000000d7980000, 0x00000000e5f00000, 0x0000000100000000)
  eden space 191488K, 0% used [0x00000000d7980000,0x00000000d7980000,0x00000000e3480000)
  from space 13312K, 99% used [0x00000000e3480000,0x00000000e417f258,0x00000000e4180000)
  to   space 13312K, 0% used [0x00000000e4180000,0x00000000e4180000,0x00000000e4e80000)
 ParOldGen       total 69632K, used 18543K [0x0000000086c00000, 0x000000008b000000, 0x00000000d7980000)
  object space 69632K, 26% used [0x0000000086c00000,0x0000000087e1bf48,0x000000008b000000)
 Metaspace       used 51083K, capacity 52274K, committed 52736K, reserved 1095680K
  class space    used 6567K, capacity 6821K, committed 6912K, reserved 1048576K
GC Heap History (10 events):
Event: 3.981 GC heap after
Heap after GC invocations=7 (full 1):
 PSYoungGen      total 111616K, used 977K [0x00000000d7980000, 0x00000000dfd00000, 0x0000000100000000)
  eden space 110592K, 0% used [0x00000000d7980000,0x00000000d7980000,0x00000000de580000)
  from space 1024K, 95% used [0x00000000dfc00000,0x00000000dfcf4588,0x00000000dfd00000)
  to   space 9728K, 0% used [0x00000000dea00000,0x00000000dea00000,0x00000000df380000)
 ParOldGen       total 47616K, used 5348K [0x0000000086c00000, 0x0000000089a80000, 0x00000000d7980000)
  object space 47616K, 11% used [0x0000000086c00000,0x0000000087139270,0x0000000089a80000)
 Metaspace       used 21624K, capacity 21880K, committed 22144K, reserved 1069056K
  class space    used 3052K, capacity 3152K, committed 3200K, reserved 1048576K
}
Event: 3.981 GC heap before
{Heap before GC invocations=8 (full 2):
 PSYoungGen      total 111616K, used 977K [0x00000000d7980000, 0x00000000dfd00000, 0x0000000100000000)
  eden space 110592K, 0% used [0x00000000d7980000,0x00000000d7980000,0x00000000de580000)
  from space 1024K, 95% used [0x00000000dfc00000,0x00000000dfcf4588,0x00000000dfd00000)
  to   space 9728K, 0% used [0x00000000dea00000,0x00000000dea00000,0x00000000df380000)
 ParOldGen       total 47616K, used 5348K [0x0000000086c00000, 0x0000000089a80000, 0x00000000d7980000)
  object space 47616K, 11% used [0x0000000086c00000,0x0000000087139270,0x0000000089a80000)
 Metaspace       used 21624K, capacity 21880K, committed 22144K, reserved 1069056K
  class space    used 3052K, capacity 3152K, committed 3200K, reserved 1048576K
Event: 4.031 GC heap after
Heap after GC invocations=8 (full 2):
 PSYoungGen      total 111616K, used 0K [0x00000000d7980000, 0x00000000dfd00000, 0x0000000100000000)
  eden space 110592K, 0% used [0x00000000d7980000,0x00000000d7980000,0x00000000de580000)
  from space 1024K, 0% used [0x00000000dfc00000,0x00000000dfc00000,0x00000000dfd00000)
  to   space 9728K, 0% used [0x00000000dea00000,0x00000000dea00000,0x00000000df380000)
 ParOldGen       total 47616K, used 5638K [0x0000000086c00000, 0x0000000089a80000, 0x00000000d7980000)
  object space 47616K, 11% used [0x0000000086c00000,0x0000000087181a48,0x0000000089a80000)
 Metaspace       used 21624K, capacity 21880K, committed 22144K, reserved 1069056K
  class space    used 3052K, capacity 3152K, committed 3200K, reserved 1048576K
}
Event: 6.330 GC heap before
{Heap before GC invocations=9 (full 2):
 PSYoungGen      total 111616K, used 110592K [0x00000000d7980000, 0x00000000dfd00000, 0x0000000100000000)
  eden space 110592K, 100% used [0x00000000d7980000,0x00000000de580000,0x00000000de580000)
  from space 1024K, 0% used [0x00000000dfc00000,0x00000000dfc00000,0x00000000dfd00000)
  to   space 9728K, 0% used [0x00000000dea00000,0x00000000dea00000,0x00000000df380000)
 ParOldGen       total 47616K, used 5638K [0x0000000086c00000, 0x0000000089a80000, 0x00000000d7980000)
  object space 47616K, 11% used [0x0000000086c00000,0x0000000087181a48,0x0000000089a80000)
 Metaspace       used 33425K, capacity 34462K, committed 34560K, reserved 1079296K
  class space    used 4618K, capacity 4819K, committed 4864K, reserved 1048576K
Event: 6.356 GC heap after
Heap after GC invocations=9 (full 2):
 PSYoungGen      total 124928K, used 9714K [0x00000000d7980000, 0x00000000e4e80000, 0x0000000100000000)
  eden space 115200K, 0% used [0x00000000d7980000,0x00000000d7980000,0x00000000dea00000)
  from space 9728K, 99% used [0x00000000dea00000,0x00000000df37c9a8,0x00000000df380000)
  to   space 13312K, 0% used [0x00000000e4180000,0x00000000e4180000,0x00000000e4e80000)
 ParOldGen       total 47616K, used 10013K [0x0000000086c00000, 0x0000000089a80000, 0x00000000d7980000)
  object space 47616K, 21% used [0x0000000086c00000,0x00000000875c77c0,0x0000000089a80000)
 Metaspace       used 33425K, capacity 34462K, committed 34560K, reserved 1079296K
  class space    used 4618K, capacity 4819K, committed 4864K, reserved 1048576K
}
Event: 6.697 GC heap before
{Heap before GC invocations=10 (full 2):
 PSYoungGen      total 124928K, used 28236K [0x00000000d7980000, 0x00000000e4e80000, 0x0000000100000000)
  eden space 115200K, 16% used [0x00000000d7980000,0x00000000d8b96a20,0x00000000dea00000)
  from space 9728K, 99% used [0x00000000dea00000,0x00000000df37c9a8,0x00000000df380000)
  to   space 13312K, 0% used [0x00000000e4180000,0x00000000e4180000,0x00000000e4e80000)
 ParOldGen       total 47616K, used 10013K [0x0000000086c00000, 0x0000000089a80000, 0x00000000d7980000)
  object space 47616K, 21% used [0x0000000086c00000,0x00000000875c77c0,0x0000000089a80000)
 Metaspace       used 35782K, capacity 36808K, committed 36864K, reserved 1081344K
  class space    used 4865K, capacity 5110K, committed 5120K, reserved 1048576K
Event: 6.731 GC heap after
Heap after GC invocations=10 (full 2):
 PSYoungGen      total 204800K, used 7849K [0x00000000d7980000, 0x00000000e5f00000, 0x0000000100000000)
  eden space 191488K, 0% used [0x00000000d7980000,0x00000000d7980000,0x00000000e3480000)
  from space 13312K, 58% used [0x00000000e4180000,0x00000000e492a7b0,0x00000000e4e80000)
  to   space 13312K, 0% used [0x00000000e3480000,0x00000000e3480000,0x00000000e4180000)
 ParOldGen       total 47616K, used 10021K [0x0000000086c00000, 0x0000000089a80000, 0x00000000d7980000)
  object space 47616K, 21% used [0x0000000086c00000,0x00000000875c97c0,0x0000000089a80000)
 Metaspace       used 35782K, capacity 36808K, committed 36864K, reserved 1081344K
  class space    used 4865K, capacity 5110K, committed 5120K, reserved 1048576K
}
Event: 6.731 GC heap before
{Heap before GC invocations=11 (full 3):
 PSYoungGen      total 204800K, used 7849K [0x00000000d7980000, 0x00000000e5f00000, 0x0000000100000000)
  eden space 191488K, 0% used [0x00000000d7980000,0x00000000d7980000,0x00000000e3480000)
  from space 13312K, 58% used [0x00000000e4180000,0x00000000e492a7b0,0x00000000e4e80000)
  to   space 13312K, 0% used [0x00000000e3480000,0x00000000e3480000,0x00000000e4180000)
 ParOldGen       total 47616K, used 10021K [0x0000000086c00000, 0x0000000089a80000, 0x00000000d7980000)
  object space 47616K, 21% used [0x0000000086c00000,0x00000000875c97c0,0x0000000089a80000)
 Metaspace       used 35782K, capacity 36808K, committed 36864K, reserved 1081344K
  class space    used 4865K, capacity 5110K, committed 5120K, reserved 1048576K
Event: 6.833 GC heap after
Heap after GC invocations=11 (full 3):
 PSYoungGen      total 204800K, used 0K [0x00000000d7980000, 0x00000000e5f00000, 0x0000000100000000)
  eden space 191488K, 0% used [0x00000000d7980000,0x00000000d7980000,0x00000000e3480000)
  from space 13312K, 0% used [0x00000000e4180000,0x00000000e4180000,0x00000000e4e80000)
  to   space 13312K, 0% used [0x00000000e3480000,0x00000000e3480000,0x00000000e4180000)
 ParOldGen       total 69632K, used 12529K [0x0000000086c00000, 0x000000008b000000, 0x00000000d7980000)
  object space 69632K, 17% used [0x0000000086c00000,0x000000008783c628,0x000000008b000000)
 Metaspace       used 35746K, capacity 36712K, committed 36864K, reserved 1081344K
  class space    used 4854K, capacity 5090K, committed 5120K, reserved 1048576K
}
Event: 10.912 GC heap before
{Heap before GC invocations=12 (full 3):
 PSYoungGen      total 204800K, used 191488K [0x00000000d7980000, 0x00000000e5f00000, 0x0000000100000000)
  eden space 191488K, 100% used [0x00000000d7980000,0x00000000e3480000,0x00000000e3480000)
  from space 13312K, 0% used [0x00000000e4180000,0x00000000e4180000,0x00000000e4e80000)
  to   space 13312K, 0% used [0x00000000e3480000,0x00000000e3480000,0x00000000e4180000)
 ParOldGen       total 69632K, used 12529K [0x0000000086c00000, 0x000000008b000000, 0x00000000d7980000)
  object space 69632K, 17% used [0x0000000086c00000,0x000000008783c628,0x000000008b000000)
 Metaspace       used 51083K, capacity 52274K, committed 52736K, reserved 1095680K
  class space    used 6567K, capacity 6821K, committed 6912K, reserved 1048576K

